# JRE version: OpenJDK Runtime Environment Homebrew (11.0.25) (build 11.0.25+0)
# Java VM: OpenJDK 64-Bit Server VM Homebrew (11.0.25+0, mixed mode, tiered, compressed oops, g1 gc, bsd-aarch64)
Heap:
 garbage-first heap   total 232448K, used 105930K [0x0000000740000000, 0x00000007c0000000)
  region size 1024K, 30 young (30720K), 14 survivors (14336K)
 Metaspace       used 86161K, capacity 88626K, committed 88704K, reserved 1126400K
  class space    used 11243K, capacity 12105K, committed 12160K, reserved 1048576K
GC Heap History (20 events):
Event: 3.349 GC heap before
{Heap before GC invocations=6 (full 0):
 garbage-first heap   total 177152K, used 33589K [0x0000000740000000, 0x00000007c0000000)
  region size 1024K, 18 young (18432K), 5 survivors (5120K)
 Metaspace       used 34913K, capacity 35704K, committed 35840K, reserved 1081344K
  class space    used 4586K, capacity 4892K, committed 4992K, reserved 1048576K
}
Event: 3.358 GC heap after
{Heap after GC invocations=7 (full 0):
 garbage-first heap   total 177152K, used 23415K [0x0000000740000000, 0x00000007c0000000)
  region size 1024K, 7 young (7168K), 7 survivors (7168K)
 Metaspace       used 34913K, capacity 35704K, committed 35840K, reserved 1081344K
  class space    used 4586K, capacity 4892K, committed 4992K, reserved 1048576K
}
Event: 4.561 GC heap before
{Heap before GC invocations=8 (full 0):
 garbage-first heap   total 177152K, used 104311K [0x0000000740000000, 0x00000007c0000000)
  region size 1024K, 83 young (84992K), 7 survivors (7168K)
 Metaspace       used 42316K, capacity 43211K, committed 43520K, reserved 1087488K
  class space    used 5419K, capacity 5785K, committed 5888K, reserved 1048576K
}
Event: 4.575 GC heap after
{Heap after GC invocations=9 (full 0):
 garbage-first heap   total 177152K, used 28143K [0x0000000740000000, 0x00000007c0000000)
  region size 1024K, 11 young (11264K), 11 survivors (11264K)
 Metaspace       used 42316K, capacity 43211K, committed 43520K, reserved 1087488K
  class space    used 5419K, capacity 5785K, committed 5888K, reserved 1048576K
}
Event: 5.391 GC heap before
{Heap before GC invocations=9 (full 0):
 garbage-first heap   total 177152K, used 110063K [0x0000000740000000, 0x00000007c0000000)
  region size 1024K, 91 young (93184K), 11 survivors (11264K)
 Metaspace       used 46805K, capacity 48075K, committed 48384K, reserved 1091584K
  class space    used 6054K, capacity 6536K, committed 6656K, reserved 1048576K
}
Event: 5.403 GC heap after
{Heap after GC invocations=10 (full 0):
 garbage-first heap   total 177152K, used 31459K [0x0000000740000000, 0x00000007c0000000)
  region size 1024K, 9 young (9216K), 9 survivors (9216K)
 Metaspace       used 46805K, capacity 48075K, committed 48384K, reserved 1091584K
  class space    used 6054K, capacity 6536K, committed 6656K, reserved 1048576K
}
Event: 7.889 GC heap before
{Heap before GC invocations=10 (full 0):
 garbage-first heap   total 177152K, used 123619K [0x0000000740000000, 0x00000007c0000000)
  region size 1024K, 96 young (98304K), 9 survivors (9216K)
 Metaspace       used 54131K, capacity 55628K, committed 55680K, reserved 1097728K
  class space    used 6978K, capacity 7503K, committed 7552K, reserved 1048576K
}
Event: 7.956 GC heap after
{Heap after GC invocations=11 (full 0):
 garbage-first heap   total 177152K, used 44830K [0x0000000740000000, 0x00000007c0000000)
  region size 1024K, 12 young (12288K), 12 survivors (12288K)
 Metaspace       used 54131K, capacity 55628K, committed 55680K, reserved 1097728K
  class space    used 6978K, capacity 7503K, committed 7552K, reserved 1048576K
}
Event: 8.702 GC heap before
{Heap before GC invocations=11 (full 0):
 garbage-first heap   total 177152K, used 81694K [0x0000000740000000, 0x00000007c0000000)
  region size 1024K, 50 young (51200K), 12 survivors (12288K)
 Metaspace       used 58537K, capacity 60023K, committed 60160K, reserved 1101824K
  class space    used 7529K, capacity 8113K, committed 8192K, reserved 1048576K
}
Event: 8.730 GC heap after
{Heap after GC invocations=12 (full 0):
 garbage-first heap   total 232448K, used 48939K [0x0000000740000000, 0x00000007c0000000)
  region size 1024K, 4 young (4096K), 4 survivors (4096K)
 Metaspace       used 58537K, capacity 60023K, committed 60160K, reserved 1101824K
  class space    used 7529K, capacity 8113K, committed 8192K, reserved 1048576K
}
Event: 9.535 GC heap before
{Heap before GC invocations=13 (full 0):
 garbage-first heap   total 232448K, used 140075K [0x0000000740000000, 0x00000007c0000000)
  region size 1024K, 93 young (95232K), 4 survivors (4096K)
 Metaspace       used 63001K, capacity 64698K, committed 64896K, reserved 1105920K
  class space    used 8135K, capacity 8736K, committed 8832K, reserved 1048576K
}
Event: 9.559 GC heap after
{Heap after GC invocations=14 (full 0):
 garbage-first heap   total 232448K, used 54279K [0x0000000740000000, 0x00000007c0000000)
  region size 1024K, 10 young (10240K), 10 survivors (10240K)
 Metaspace       used 63001K, capacity 64698K, committed 64896K, reserved 1105920K
  class space    used 8135K, capacity 8736K, committed 8832K, reserved 1048576K
}
Event: 10.608 GC heap before
{Heap before GC invocations=15 (full 0):
 garbage-first heap   total 232448K, used 149511K [0x0000000740000000, 0x00000007c0000000)
  region size 1024K, 103 young (105472K), 10 survivors (10240K)
 Metaspace       used 69723K, capacity 71424K, committed 71552K, reserved 1112064K
  class space    used 9206K, capacity 9852K, committed 9856K, reserved 1048576K
}
Event: 10.620 GC heap after
{Heap after GC invocations=16 (full 0):
 garbage-first heap   total 232448K, used 60379K [0x0000000740000000, 0x00000007c0000000)
  region size 1024K, 12 young (12288K), 12 survivors (12288K)
 Metaspace       used 69723K, capacity 71424K, committed 71552K, reserved 1112064K
  class space    used 9206K, capacity 9852K, committed 9856K, reserved 1048576K
}
Event: 11.852 GC heap before
{Heap before GC invocations=16 (full 0):
 garbage-first heap   total 232448K, used 162779K [0x0000000740000000, 0x00000007c0000000)
  region size 1024K, 112 young (114688K), 12 survivors (12288K)
 Metaspace       used 78593K, capacity 80714K, committed 81024K, reserved 1118208K
  class space    used 10517K, capacity 11288K, committed 11392K, reserved 1048576K
}
Event: 11.868 GC heap after
{Heap after GC invocations=17 (full 0):
 garbage-first heap   total 232448K, used 67433K [0x0000000740000000, 0x00000007c0000000)
  region size 1024K, 13 young (13312K), 13 survivors (13312K)
 Metaspace       used 78593K, capacity 80714K, committed 81024K, reserved 1118208K
  class space    used 10517K, capacity 11288K, committed 11392K, reserved 1048576K
}
Event: 12.889 GC heap before
{Heap before GC invocations=17 (full 0):
 garbage-first heap   total 232448K, used 166761K [0x0000000740000000, 0x00000007c0000000)
  region size 1024K, 111 young (113664K), 13 survivors (13312K)
 Metaspace       used 81477K, capacity 83868K, committed 84096K, reserved 1122304K
  class space    used 10799K, capacity 11631K, committed 11648K, reserved 1048576K
}
Event: 12.934 GC heap after
{Heap after GC invocations=18 (full 0):
 garbage-first heap   total 232448K, used 75640K [0x0000000740000000, 0x00000007c0000000)
  region size 1024K, 14 young (14336K), 14 survivors (14336K)
 Metaspace       used 81477K, capacity 83868K, committed 84096K, reserved 1122304K
  class space    used 10799K, capacity 11631K, committed 11648K, reserved 1048576K
}
Event: 13.909 GC heap before
{Heap before GC invocations=18 (full 0):
 garbage-first heap   total 232448K, used 187256K [0x0000000740000000, 0x00000007c0000000)
  region size 1024K, 109 young (111616K), 14 survivors (14336K)
 Metaspace       used 84256K, capacity 86658K, committed 86784K, reserved 1124352K
  class space    used 11065K, capacity 11906K, committed 12032K, reserved 1048576K
}
Event: 13.949 GC heap after
{Heap after GC invocations=19 (full 0):
 garbage-first heap   total 232448K, used 91594K [0x0000000740000000, 0x00000007c0000000)
  region size 1024K, 14 young (14336K), 14 survivors (14336K)
 Metaspace       used 84256K, capacity 86658K, committed 86784K, reserved 1124352K
  class space    used 11065K, capacity 11906K, committed 12032K, reserved 1048576K
}

