# JRE version: OpenJDK Runtime Environment Homebrew (11.0.25) (build 11.0.25+0)
# Java VM: OpenJDK 64-Bit Server VM Homebrew (11.0.25+0, mixed mode, tiered, compressed oops, g1 gc, bsd-aarch64)
Heap:
 garbage-first heap   total 189440K, used 119559K [0x0000000740000000, 0x00000007c0000000)
  region size 1024K, 56 young (57344K), 12 survivors (12288K)
 Metaspace       used 93413K, capacity 95862K, committed 96048K, reserved 1132544K
  class space    used 12392K, capacity 13316K, committed 13440K, reserved 1048576K
GC Heap History (20 events):
Event: 1.656 GC heap before
{Heap before GC invocations=6 (full 0):
 garbage-first heap   total 131072K, used 29650K [0x0000000740000000, 0x00000007c0000000)
  region size 1024K, 16 young (16384K), 6 survivors (6144K)
 Metaspace       used 35039K, capacity 35806K, committed 35840K, reserved 1081344K
  class space    used 4541K, capacity 4861K, committed 4864K, reserved 1048576K
}
Event: 1.661 GC heap after
{Heap after GC invocations=7 (full 0):
 garbage-first heap   total 157696K, used 23046K [0x0000000740000000, 0x00000007c0000000)
  region size 1024K, 4 young (4096K), 4 survivors (4096K)
 Metaspace       used 35039K, capacity 35806K, committed 35840K, reserved 1081344K
  class space    used 4541K, capacity 4861K, committed 4864K, reserved 1048576K
}
Event: 2.052 GC heap before
{Heap before GC invocations=8 (full 0):
 garbage-first heap   total 157696K, used 99846K [0x0000000740000000, 0x00000007c0000000)
  region size 1024K, 76 young (77824K), 4 survivors (4096K)
 Metaspace       used 42171K, capacity 43090K, committed 43200K, reserved 1087488K
  class space    used 5385K, capacity 5732K, committed 5824K, reserved 1048576K
}
Event: 2.055 GC heap after
{Heap after GC invocations=9 (full 0):
 garbage-first heap   total 157696K, used 27613K [0x0000000740000000, 0x00000007c0000000)
  region size 1024K, 9 young (9216K), 9 survivors (9216K)
 Metaspace       used 42171K, capacity 43090K, committed 43200K, reserved 1087488K
  class space    used 5385K, capacity 5732K, committed 5824K, reserved 1048576K
}
Event: 2.493 GC heap before
{Heap before GC invocations=9 (full 0):
 garbage-first heap   total 157696K, used 102365K [0x0000000740000000, 0x00000007c0000000)
  region size 1024K, 82 young (83968K), 9 survivors (9216K)
 Metaspace       used 48563K, capacity 49664K, committed 49728K, reserved 1091584K
  class space    used 6291K, capacity 6689K, committed 6720K, reserved 1048576K
}
Event: 2.498 GC heap after
{Heap after GC invocations=10 (full 0):
 garbage-first heap   total 157696K, used 31484K [0x0000000740000000, 0x00000007c0000000)
  region size 1024K, 10 young (10240K), 10 survivors (10240K)
 Metaspace       used 48563K, capacity 49664K, committed 49728K, reserved 1091584K
  class space    used 6291K, capacity 6689K, committed 6720K, reserved 1048576K
}
Event: 3.107 GC heap before
{Heap before GC invocations=10 (full 0):
 garbage-first heap   total 157696K, used 103164K [0x0000000740000000, 0x00000007c0000000)
  region size 1024K, 82 young (83968K), 10 survivors (10240K)
 Metaspace       used 58770K, capacity 60164K, committed 60272K, reserved 1101824K
  class space    used 7608K, capacity 8123K, committed 8128K, reserved 1048576K
}
Event: 3.115 GC heap after
{Heap after GC invocations=11 (full 0):
 garbage-first heap   total 157696K, used 37359K [0x0000000740000000, 0x00000007c0000000)
  region size 1024K, 11 young (11264K), 11 survivors (11264K)
 Metaspace       used 58770K, capacity 60164K, committed 60272K, reserved 1101824K
  class space    used 7608K, capacity 8123K, committed 8128K, reserved 1048576K
}
Event: 4.189 GC heap before
{Heap before GC invocations=12 (full 0):
 garbage-first heap   total 157696K, used 111087K [0x0000000740000000, 0x00000007c0000000)
  region size 1024K, 84 young (86016K), 11 survivors (11264K)
 Metaspace       used 61087K, capacity 62631K, committed 62896K, reserved 1103872K
  class space    used 7775K, capacity 8337K, committed 8448K, reserved 1048576K
}
Event: 4.195 GC heap after
{Heap after GC invocations=13 (full 0):
 garbage-first heap   total 189440K, used 40374K [0x0000000740000000, 0x00000007c0000000)
  region size 1024K, 9 young (9216K), 9 survivors (9216K)
 Metaspace       used 61087K, capacity 62631K, committed 62896K, reserved 1103872K
  class space    used 7775K, capacity 8337K, committed 8448K, reserved 1048576K
}
Event: 4.914 GC heap before
{Heap before GC invocations=14 (full 0):
 garbage-first heap   total 189440K, used 136630K [0x0000000740000000, 0x00000007c0000000)
  region size 1024K, 99 young (101376K), 9 survivors (9216K)
 Metaspace       used 70121K, capacity 71844K, committed 71984K, reserved 1112064K
  class space    used 8928K, capacity 9567K, committed 9600K, reserved 1048576K
}
Event: 4.921 GC heap after
{Heap after GC invocations=15 (full 0):
 garbage-first heap   total 189440K, used 53291K [0x0000000740000000, 0x00000007c0000000)
  region size 1024K, 13 young (13312K), 13 survivors (13312K)
 Metaspace       used 70121K, capacity 71844K, committed 71984K, reserved 1112064K
  class space    used 8928K, capacity 9567K, committed 9600K, reserved 1048576K
}
Event: 5.353 GC heap before
{Heap before GC invocations=15 (full 0):
 garbage-first heap   total 189440K, used 143403K [0x0000000740000000, 0x00000007c0000000)
  region size 1024K, 94 young (96256K), 13 survivors (13312K)
 Metaspace       used 75561K, capacity 77311K, committed 77616K, reserved 1116160K
  class space    used 9669K, capacity 10306K, committed 10368K, reserved 1048576K
}
Event: 5.359 GC heap after
{Heap after GC invocations=16 (full 0):
 garbage-first heap   total 189440K, used 59936K [0x0000000740000000, 0x00000007c0000000)
  region size 1024K, 7 young (7168K), 7 survivors (7168K)
 Metaspace       used 75561K, capacity 77311K, committed 77616K, reserved 1116160K
  class space    used 9669K, capacity 10306K, committed 10368K, reserved 1048576K
}
Event: 5.735 GC heap before
{Heap before GC invocations=16 (full 0):
 garbage-first heap   total 189440K, used 141856K [0x0000000740000000, 0x00000007c0000000)
  region size 1024K, 87 young (89088K), 7 survivors (7168K)
 Metaspace       used 80087K, capacity 81972K, committed 82224K, reserved 1120256K
  class space    used 10437K, capacity 11131K, committed 11136K, reserved 1048576K
}
Event: 5.741 GC heap after
{Heap after GC invocations=17 (full 0):
 garbage-first heap   total 189440K, used 65340K [0x0000000740000000, 0x00000007c0000000)
  region size 1024K, 6 young (6144K), 6 survivors (6144K)
 Metaspace       used 80087K, capacity 81972K, committed 82224K, reserved 1120256K
  class space    used 10437K, capacity 11131K, committed 11136K, reserved 1048576K
}
Event: 6.081 GC heap before
{Heap before GC invocations=17 (full 0):
 garbage-first heap   total 189440K, used 147260K [0x0000000740000000, 0x00000007c0000000)
  region size 1024K, 86 young (88064K), 6 survivors (6144K)
 Metaspace       used 84065K, capacity 86092K, committed 86192K, reserved 1124352K
  class space    used 10997K, capacity 11712K, committed 11776K, reserved 1048576K
}
Event: 6.087 GC heap after
{Heap after GC invocations=18 (full 0):
 garbage-first heap   total 189440K, used 70600K [0x0000000740000000, 0x00000007c0000000)
  region size 1024K, 11 young (11264K), 11 survivors (11264K)
 Metaspace       used 84065K, capacity 86092K, committed 86192K, reserved 1124352K
  class space    used 10997K, capacity 11712K, committed 11776K, reserved 1048576K
}
Event: 6.525 GC heap before
{Heap before GC invocations=18 (full 0):
 garbage-first heap   total 189440K, used 150472K [0x0000000740000000, 0x00000007c0000000)
  region size 1024K, 89 young (91136K), 11 survivors (11264K)
 Metaspace       used 90666K, capacity 92848K, committed 92976K, reserved 1130496K
  class space    used 11898K, capacity 12666K, committed 12672K, reserved 1048576K
}
Event: 6.532 GC heap after
{Heap after GC invocations=19 (full 0):
 garbage-first heap   total 189440K, used 76551K [0x0000000740000000, 0x00000007c0000000)
  region size 1024K, 12 young (12288K), 12 survivors (12288K)
 Metaspace       used 90666K, capacity 92848K, committed 92976K, reserved 1130496K
  class space    used 11898K, capacity 12666K, committed 12672K, reserved 1048576K
}

