# JRE version: OpenJDK Runtime Environment Homebrew (11.0.25) (build 11.0.25+0)
# Java VM: OpenJDK 64-Bit Server VM Homebrew (11.0.25+0, mixed mode, tiered, compressed oops, g1 gc, bsd-aarch64)
Heap:
 garbage-first heap   total 243712K, used 183503K [0x0000000740000000, 0x00000007c0000000)
  region size 1024K, 28 young (28672K), 6 survivors (6144K)
 Metaspace       used 101239K, capacity 104316K, committed 104560K, reserved 1140736K
  class space    used 13034K, capacity 14078K, committed 14192K, reserved 1048576K
GC Heap History (20 events):
Event: 7.448 GC heap before
{Heap before GC invocations=20 (full 0):
 garbage-first heap   total 168960K, used 112417K [0x0000000740000000, 0x00000007c0000000)
  region size 1024K, 33 young (33792K), 7 survivors (7168K)
 Metaspace       used 72108K, capacity 74212K, committed 74352K, reserved 1114112K
  class space    used 9573K, capacity 10265K, committed 10352K, reserved 1048576K
}
Event: 7.456 GC heap after
{Heap after GC invocations=21 (full 0):
 garbage-first heap   total 202752K, used 88905K [0x0000000740000000, 0x00000007c0000000)
  region size 1024K, 6 young (6144K), 6 survivors (6144K)
 Metaspace       used 72108K, capacity 74212K, committed 74352K, reserved 1114112K
  class space    used 9573K, capacity 10265K, committed 10352K, reserved 1048576K
}
Event: 7.974 GC heap before
{Heap before GC invocations=22 (full 0):
 garbage-first heap   total 202752K, used 150345K [0x0000000740000000, 0x00000007c0000000)
  region size 1024K, 55 young (56320K), 6 survivors (6144K)
 Metaspace       used 76658K, capacity 79078K, committed 79216K, reserved 1118208K
  class space    used 10194K, capacity 11053K, committed 11120K, reserved 1048576K
}
Event: 7.984 GC heap after
{Heap after GC invocations=23 (full 0):
 garbage-first heap   total 202752K, used 106329K [0x0000000740000000, 0x00000007c0000000)
  region size 1024K, 10 young (10240K), 10 survivors (10240K)
 Metaspace       used 76658K, capacity 79078K, committed 79216K, reserved 1118208K
  class space    used 10194K, capacity 11053K, committed 11120K, reserved 1048576K
}
Event: 8.653 GC heap before
{Heap before GC invocations=24 (full 0):
 garbage-first heap   total 202752K, used 165721K [0x0000000740000000, 0x00000007c0000000)
  region size 1024K, 67 young (68608K), 10 survivors (10240K)
 Metaspace       used 83581K, capacity 85976K, committed 86256K, reserved 1124352K
  class space    used 11060K, capacity 11888K, committed 12016K, reserved 1048576K
}
Event: 8.664 GC heap after
{Heap after GC invocations=25 (full 0):
 garbage-first heap   total 202752K, used 108322K [0x0000000740000000, 0x00000007c0000000)
  region size 1024K, 7 young (7168K), 7 survivors (7168K)
 Metaspace       used 83581K, capacity 85976K, committed 86256K, reserved 1124352K
  class space    used 11060K, capacity 11888K, committed 12016K, reserved 1048576K
}
Event: 9.333 GC heap before
{Heap before GC invocations=25 (full 0):
 garbage-first heap   total 202752K, used 166690K [0x0000000740000000, 0x00000007c0000000)
  region size 1024K, 64 young (65536K), 7 survivors (7168K)
 Metaspace       used 88716K, capacity 91240K, committed 91504K, reserved 1128448K
  class space    used 11720K, capacity 12606K, committed 12656K, reserved 1048576K
}
Event: 9.342 GC heap after
{Heap after GC invocations=26 (full 0):
 garbage-first heap   total 202752K, used 111280K [0x0000000740000000, 0x00000007c0000000)
  region size 1024K, 6 young (6144K), 6 survivors (6144K)
 Metaspace       used 88716K, capacity 91240K, committed 91504K, reserved 1128448K
  class space    used 11720K, capacity 12606K, committed 12656K, reserved 1048576K
}
Event: 9.719 GC heap before
{Heap before GC invocations=27 (full 0):
 garbage-first heap   total 202752K, used 167600K [0x0000000740000000, 0x00000007c0000000)
  region size 1024K, 62 young (63488K), 6 survivors (6144K)
 Metaspace       used 89624K, capacity 92198K, committed 92400K, reserved 1128448K
  class space    used 11784K, capacity 12719K, committed 12784K, reserved 1048576K
}
Event: 9.726 GC heap after
{Heap after GC invocations=28 (full 0):
 garbage-first heap   total 243712K, used 115926K [0x0000000740000000, 0x00000007c0000000)
  region size 1024K, 8 young (8192K), 8 survivors (8192K)
 Metaspace       used 89624K, capacity 92198K, committed 92400K, reserved 1128448K
  class space    used 11784K, capacity 12719K, committed 12784K, reserved 1048576K
}
Event: 10.181 GC heap before
{Heap before GC invocations=28 (full 0):
 garbage-first heap   total 243712K, used 196822K [0x0000000740000000, 0x00000007c0000000)
  region size 1024K, 87 young (89088K), 8 survivors (8192K)
 Metaspace       used 92937K, capacity 95501K, committed 95856K, reserved 1132544K
  class space    used 12131K, capacity 13030K, committed 13168K, reserved 1048576K
}
Event: 10.188 GC heap after
{Heap after GC invocations=29 (full 0):
 garbage-first heap   total 243712K, used 119479K [0x0000000740000000, 0x00000007c0000000)
  region size 1024K, 8 young (8192K), 8 survivors (8192K)
 Metaspace       used 92937K, capacity 95501K, committed 95856K, reserved 1132544K
  class space    used 12131K, capacity 13030K, committed 13168K, reserved 1048576K
}
Event: 14.724 GC heap before
{Heap before GC invocations=29 (full 0):
 garbage-first heap   total 243712K, used 199351K [0x0000000740000000, 0x00000007c0000000)
  region size 1024K, 87 young (89088K), 8 survivors (8192K)
 Metaspace       used 95844K, capacity 98757K, committed 99056K, reserved 1134592K
  class space    used 12488K, capacity 13484K, committed 13552K, reserved 1048576K
}
Event: 14.757 GC heap after
{Heap after GC invocations=30 (full 0):
 garbage-first heap   total 243712K, used 126976K [0x0000000740000000, 0x00000007c0000000)
  region size 1024K, 11 young (11264K), 11 survivors (11264K)
 Metaspace       used 95844K, capacity 98757K, committed 99056K, reserved 1134592K
  class space    used 12488K, capacity 13484K, committed 13552K, reserved 1048576K
}
Event: 15.757 GC heap before
{Heap before GC invocations=31 (full 0):
 garbage-first heap   total 243712K, used 199680K [0x0000000740000000, 0x00000007c0000000)
  region size 1024K, 83 young (84992K), 11 survivors (11264K)
 Metaspace       used 98811K, capacity 101838K, committed 102000K, reserved 1136640K
  class space    used 12820K, capacity 13817K, committed 13936K, reserved 1048576K
}
Event: 15.775 GC heap after
{Heap after GC invocations=32 (full 0):
 garbage-first heap   total 243712K, used 132974K [0x0000000740000000, 0x00000007c0000000)
  region size 1024K, 6 young (6144K), 6 survivors (6144K)
 Metaspace       used 98811K, capacity 101838K, committed 102000K, reserved 1136640K
  class space    used 12820K, capacity 13817K, committed 13936K, reserved 1048576K
}
Event: 16.436 GC heap before
{Heap before GC invocations=32 (full 0):
 garbage-first heap   total 243712K, used 186222K [0x0000000740000000, 0x00000007c0000000)
  region size 1024K, 60 young (61440K), 6 survivors (6144K)
 Metaspace       used 100232K, capacity 103345K, committed 103664K, reserved 1138688K
  class space    used 12952K, capacity 14000K, committed 14064K, reserved 1048576K
}
Event: 16.520 GC heap after
{Heap after GC invocations=33 (full 0):
 garbage-first heap   total 243712K, used 145631K [0x0000000740000000, 0x00000007c0000000)
  region size 1024K, 10 young (10240K), 10 survivors (10240K)
 Metaspace       used 100232K, capacity 103345K, committed 103664K, reserved 1138688K
  class space    used 12952K, capacity 14000K, committed 14064K, reserved 1048576K
}
Event: 17.188 GC heap before
{Heap before GC invocations=34 (full 0):
 garbage-first heap   total 243712K, used 175327K [0x0000000740000000, 0x00000007c0000000)
  region size 1024K, 38 young (38912K), 10 survivors (10240K)
 Metaspace       used 100369K, capacity 103406K, committed 103664K, reserved 1138688K
  class space    used 12961K, capacity 13999K, committed 14064K, reserved 1048576K
}
Event: 17.303 GC heap after
{Heap after GC invocations=35 (full 0):
 garbage-first heap   total 243712K, used 150735K [0x0000000740000000, 0x00000007c0000000)
  region size 1024K, 6 young (6144K), 6 survivors (6144K)
 Metaspace       used 100369K, capacity 103406K, committed 103664K, reserved 1138688K
  class space    used 12961K, capacity 13999K, committed 14064K, reserved 1048576K
}

