# JRE version: OpenJDK Runtime Environment Homebrew (11.0.25) (build 11.0.25+0)
# Java VM: OpenJDK 64-Bit Server VM Homebrew (11.0.25+0, mixed mode, tiered, compressed oops, g1 gc, bsd-aarch64)
Heap:
 garbage-first heap   total 345088K, used 238265K [0x0000000740000000, 0x00000007c0000000)
  region size 1024K, 40 young (40960K), 14 survivors (14336K)
 Metaspace       used 121170K, capacity 124754K, committed 124800K, reserved 1157120K
  class space    used 15490K, capacity 16727K, committed 16768K, reserved 1048576K
GC Heap History (20 events):
Event: 40.181 GC heap before
{Heap before GC invocations=42 (full 0):
 garbage-first heap   total 227328K, used 179841K [0x0000000740000000, 0x00000007c0000000)
  region size 1024K, 33 young (33792K), 3 survivors (3072K)
 Metaspace       used 105512K, capacity 108653K, committed 108672K, reserved 1142784K
  class space    used 13399K, capacity 14449K, committed 14464K, reserved 1048576K
}
Event: 40.196 GC heap after
{Heap after GC invocations=43 (full 0):
 garbage-first heap   total 227328K, used 150910K [0x0000000740000000, 0x00000007c0000000)
  region size 1024K, 3 young (3072K), 3 survivors (3072K)
 Metaspace       used 105512K, capacity 108653K, committed 108672K, reserved 1142784K
  class space    used 13399K, capacity 14449K, committed 14464K, reserved 1048576K
}
Event: 40.345 GC heap before
{Heap before GC invocations=44 (full 0):
 garbage-first heap   total 227328K, used 184702K [0x0000000740000000, 0x00000007c0000000)
  region size 1024K, 37 young (37888K), 3 survivors (3072K)
 Metaspace       used 107423K, capacity 110509K, committed 110720K, reserved 1144832K
  class space    used 13614K, capacity 14641K, committed 14720K, reserved 1048576K
}
Event: 40.370 GC heap after
{Heap after GC invocations=45 (full 0):
 garbage-first heap   total 227328K, used 151616K [0x0000000740000000, 0x00000007c0000000)
  region size 1024K, 4 young (4096K), 4 survivors (4096K)
 Metaspace       used 107423K, capacity 110509K, committed 110720K, reserved 1144832K
  class space    used 13614K, capacity 14641K, committed 14720K, reserved 1048576K
}
Event: 40.405 GC heap before
{Heap before GC invocations=45 (full 0):
 garbage-first heap   total 227328K, used 158784K [0x0000000740000000, 0x00000007c0000000)
  region size 1024K, 11 young (11264K), 4 survivors (4096K)
 Metaspace       used 107829K, capacity 110957K, committed 110976K, reserved 1144832K
  class space    used 13657K, capacity 14705K, committed 14720K, reserved 1048576K
}
Event: 40.421 GC heap after
{Heap after GC invocations=46 (full 0):
 garbage-first heap   total 227328K, used 139126K [0x0000000740000000, 0x00000007c0000000)
  region size 1024K, 1 young (1024K), 1 survivors (1024K)
 Metaspace       used 107829K, capacity 110957K, committed 110976K, reserved 1144832K
  class space    used 13657K, capacity 14705K, committed 14720K, reserved 1048576K
}
Event: 40.699 GC heap before
{Heap before GC invocations=46 (full 0):
 garbage-first heap   total 227328K, used 180086K [0x0000000740000000, 0x00000007c0000000)
  region size 1024K, 42 young (43008K), 1 survivors (1024K)
 Metaspace       used 109378K, capacity 112576K, committed 112768K, reserved 1146880K
  class space    used 13831K, capacity 14901K, committed 14976K, reserved 1048576K
}
Event: 40.714 GC heap after
{Heap after GC invocations=47 (full 0):
 garbage-first heap   total 227328K, used 141713K [0x0000000740000000, 0x00000007c0000000)
  region size 1024K, 4 young (4096K), 4 survivors (4096K)
 Metaspace       used 109378K, capacity 112576K, committed 112768K, reserved 1146880K
  class space    used 13831K, capacity 14901K, committed 14976K, reserved 1048576K
}
Event: 41.080 GC heap before
{Heap before GC invocations=48 (full 0):
 garbage-first heap   total 227328K, used 181649K [0x0000000740000000, 0x00000007c0000000)
  region size 1024K, 44 young (45056K), 4 survivors (4096K)
 Metaspace       used 109932K, capacity 113067K, committed 113280K, reserved 1146880K
  class space    used 13895K, capacity 14951K, committed 14976K, reserved 1048576K
}
Event: 41.104 GC heap after
{Heap after GC invocations=49 (full 0):
 garbage-first heap   total 227328K, used 144274K [0x0000000740000000, 0x00000007c0000000)
  region size 1024K, 6 young (6144K), 6 survivors (6144K)
 Metaspace       used 109932K, capacity 113067K, committed 113280K, reserved 1146880K
  class space    used 13895K, capacity 14951K, committed 14976K, reserved 1048576K
}
Event: 41.146 GC heap before
{Heap before GC invocations=49 (full 0):
 garbage-first heap   total 227328K, used 149394K [0x0000000740000000, 0x00000007c0000000)
  region size 1024K, 11 young (11264K), 6 survivors (6144K)
 Metaspace       used 110178K, capacity 113337K, committed 113664K, reserved 1148928K
  class space    used 13930K, capacity 15019K, committed 15104K, reserved 1048576K
}
Event: 41.153 GC heap after
{Heap after GC invocations=50 (full 0):
 garbage-first heap   total 227328K, used 141083K [0x0000000740000000, 0x00000007c0000000)
  region size 1024K, 1 young (1024K), 1 survivors (1024K)
 Metaspace       used 110178K, capacity 113337K, committed 113664K, reserved 1148928K
  class space    used 13930K, capacity 15019K, committed 15104K, reserved 1048576K
}
Event: 41.319 GC heap before
{Heap before GC invocations=50 (full 0):
 garbage-first heap   total 227328K, used 183067K [0x0000000740000000, 0x00000007c0000000)
  region size 1024K, 43 young (44032K), 1 survivors (1024K)
 Metaspace       used 110534K, capacity 113767K, committed 113920K, reserved 1148928K
  class space    used 13965K, capacity 15096K, committed 15104K, reserved 1048576K
}
Event: 41.361 GC heap after
{Heap after GC invocations=51 (full 0):
 garbage-first heap   total 345088K, used 143877K [0x0000000740000000, 0x00000007c0000000)
  region size 1024K, 4 young (4096K), 4 survivors (4096K)
 Metaspace       used 110534K, capacity 113767K, committed 113920K, reserved 1148928K
  class space    used 13965K, capacity 15096K, committed 15104K, reserved 1048576K
}
Event: 41.910 GC heap before
{Heap before GC invocations=52 (full 0):
 garbage-first heap   total 345088K, used 246277K [0x0000000740000000, 0x00000007c0000000)
  region size 1024K, 99 young (101376K), 4 survivors (4096K)
 Metaspace       used 115317K, capacity 118594K, committed 118656K, reserved 1153024K
  class space    used 14595K, capacity 15730K, committed 15744K, reserved 1048576K
}
Event: 41.940 GC heap after
{Heap after GC invocations=53 (full 0):
 garbage-first heap   total 345088K, used 154395K [0x0000000740000000, 0x00000007c0000000)
  region size 1024K, 10 young (10240K), 10 survivors (10240K)
 Metaspace       used 115317K, capacity 118594K, committed 118656K, reserved 1153024K
  class space    used 14595K, capacity 15730K, committed 15744K, reserved 1048576K
}
Event: 42.420 GC heap before
{Heap before GC invocations=53 (full 0):
 garbage-first heap   total 345088K, used 280347K [0x0000000740000000, 0x00000007c0000000)
  region size 1024K, 124 young (126976K), 10 survivors (10240K)
 Metaspace       used 117127K, capacity 120508K, committed 120704K, reserved 1155072K
  class space    used 14810K, capacity 15995K, committed 16000K, reserved 1048576K
}
Event: 42.474 GC heap after
{Heap after GC invocations=54 (full 0):
 garbage-first heap   total 345088K, used 178728K [0x0000000740000000, 0x00000007c0000000)
  region size 1024K, 16 young (16384K), 16 survivors (16384K)
 Metaspace       used 117127K, capacity 120508K, committed 120704K, reserved 1155072K
  class space    used 14810K, capacity 15995K, committed 16000K, reserved 1048576K
}
Event: 43.024 GC heap before
{Heap before GC invocations=54 (full 0):
 garbage-first heap   total 345088K, used 271911K [0x0000000740000000, 0x00000007c0000000)
  region size 1024K, 105 young (107520K), 16 survivors (16384K)
 Metaspace       used 119167K, capacity 122733K, committed 123008K, reserved 1155072K
  class space    used 15234K, capacity 16462K, committed 16512K, reserved 1048576K
}
Event: 43.082 GC heap after
{Heap after GC invocations=55 (full 0):
 garbage-first heap   total 345088K, used 213689K [0x0000000740000000, 0x00000007c0000000)
  region size 1024K, 14 young (14336K), 14 survivors (14336K)
 Metaspace       used 119167K, capacity 122733K, committed 123008K, reserved 1155072K
  class space    used 15234K, capacity 16462K, committed 16512K, reserved 1048576K
}

