# JRE version: OpenJDK Runtime Environment Homebrew (11.0.25) (build 11.0.25+0)
# Java VM: OpenJDK 64-Bit Server VM Homebrew (11.0.25+0, mixed mode, tiered, compressed oops, g1 gc, bsd-aarch64)
Heap:
 garbage-first heap   total 229376K, used 193749K [0x0000000760000000, 0x00000007c0000000)
  region size 1024K, 31 young (31744K), 1 survivors (1024K)
 Metaspace       used 121125K, capacity 125782K, committed 125952K, reserved 1159168K
  class space    used 15662K, capacity 17229K, committed 17344K, reserved 1048576K
GC Heap History (20 events):
Event: 161.309 GC heap before
{Heap before GC invocations=54 (full 0):
 garbage-first heap   total 229376K, used 199207K [0x0000000760000000, 0x00000007c0000000)
  region size 1024K, 44 young (45056K), 3 survivors (3072K)
 Metaspace       used 120097K, capacity 124695K, committed 124800K, reserved 1157120K
  class space    used 15632K, capacity 17215K, committed 17216K, reserved 1048576K
}
Event: 161.316 GC heap after
{Heap after GC invocations=55 (full 0):
 garbage-first heap   total 229376K, used 160700K [0x0000000760000000, 0x00000007c0000000)
  region size 1024K, 6 young (6144K), 6 survivors (6144K)
 Metaspace       used 120097K, capacity 124695K, committed 124800K, reserved 1157120K
  class space    used 15632K, capacity 17215K, committed 17216K, reserved 1048576K
}
Event: 161.635 GC heap before
{Heap before GC invocations=56 (full 0):
 garbage-first heap   total 229376K, used 198588K [0x0000000760000000, 0x00000007c0000000)
  region size 1024K, 43 young (44032K), 6 survivors (6144K)
 Metaspace       used 120392K, capacity 124910K, committed 125184K, reserved 1157120K
  class space    used 15641K, capacity 17232K, committed 17344K, reserved 1048576K
}
Event: 161.645 GC heap after
{Heap after GC invocations=57 (full 0):
 garbage-first heap   total 229376K, used 164514K [0x0000000760000000, 0x00000007c0000000)
  region size 1024K, 4 young (4096K), 4 survivors (4096K)
 Metaspace       used 120392K, capacity 124910K, committed 125184K, reserved 1157120K
  class space    used 15641K, capacity 17232K, committed 17344K, reserved 1048576K
}
Event: 270.874 GC heap before
{Heap before GC invocations=57 (full 0):
 garbage-first heap   total 229376K, used 171682K [0x0000000760000000, 0x00000007c0000000)
  region size 1024K, 11 young (11264K), 4 survivors (4096K)
 Metaspace       used 120433K, capacity 125040K, committed 125184K, reserved 1157120K
  class space    used 15641K, capacity 17232K, committed 17344K, reserved 1048576K
}
Event: 270.893 GC heap after
{Heap after GC invocations=58 (full 0):
 garbage-first heap   total 229376K, used 163239K [0x0000000760000000, 0x00000007c0000000)
  region size 1024K, 1 young (1024K), 1 survivors (1024K)
 Metaspace       used 120433K, capacity 125040K, committed 125184K, reserved 1157120K
  class space    used 15641K, capacity 17232K, committed 17344K, reserved 1048576K
}
Event: 469.523 GC heap before
{Heap before GC invocations=58 (full 0):
 garbage-first heap   total 229376K, used 198055K [0x0000000760000000, 0x00000007c0000000)
  region size 1024K, 35 young (35840K), 1 survivors (1024K)
 Metaspace       used 120860K, capacity 125580K, committed 125696K, reserved 1157120K
  class space    used 15675K, capacity 17272K, committed 17344K, reserved 1048576K
}
Event: 469.530 GC heap after
{Heap after GC invocations=59 (full 0):
 garbage-first heap   total 229376K, used 165503K [0x0000000760000000, 0x00000007c0000000)
  region size 1024K, 3 young (3072K), 3 survivors (3072K)
 Metaspace       used 120860K, capacity 125580K, committed 125696K, reserved 1157120K
  class space    used 15675K, capacity 17272K, committed 17344K, reserved 1048576K
}
Event: 474.554 GC heap before
{Heap before GC invocations=60 (full 0):
 garbage-first heap   total 229376K, used 197247K [0x0000000760000000, 0x00000007c0000000)
  region size 1024K, 35 young (35840K), 3 survivors (3072K)
 Metaspace       used 121025K, capacity 125596K, committed 125952K, reserved 1159168K
  class space    used 15666K, capacity 17233K, committed 17344K, reserved 1048576K
}
Event: 474.558 GC heap after
{Heap after GC invocations=61 (full 0):
 garbage-first heap   total 229376K, used 167064K [0x0000000760000000, 0x00000007c0000000)
  region size 1024K, 2 young (2048K), 2 survivors (2048K)
 Metaspace       used 121025K, capacity 125596K, committed 125952K, reserved 1159168K
  class space    used 15666K, capacity 17233K, committed 17344K, reserved 1048576K
}
Event: 475.787 GC heap before
{Heap before GC invocations=61 (full 0):
 garbage-first heap   total 229376K, used 176280K [0x0000000760000000, 0x00000007c0000000)
  region size 1024K, 11 young (11264K), 2 survivors (2048K)
 Metaspace       used 121052K, capacity 125724K, committed 125952K, reserved 1159168K
  class space    used 15666K, capacity 17233K, committed 17344K, reserved 1048576K
}
Event: 475.792 GC heap after
{Heap after GC invocations=62 (full 0):
 garbage-first heap   total 229376K, used 164295K [0x0000000760000000, 0x00000007c0000000)
  region size 1024K, 1 young (1024K), 1 survivors (1024K)
 Metaspace       used 121052K, capacity 125724K, committed 125952K, reserved 1159168K
  class space    used 15666K, capacity 17233K, committed 17344K, reserved 1048576K
}
Event: 478.186 GC heap before
{Heap before GC invocations=62 (full 0):
 garbage-first heap   total 229376K, used 196039K [0x0000000760000000, 0x00000007c0000000)
  region size 1024K, 33 young (33792K), 1 survivors (1024K)
 Metaspace       used 121112K, capacity 125789K, committed 125952K, reserved 1159168K
  class space    used 15666K, capacity 17233K, committed 17344K, reserved 1048576K
}
Event: 478.188 GC heap after
{Heap after GC invocations=63 (full 0):
 garbage-first heap   total 229376K, used 165283K [0x0000000760000000, 0x00000007c0000000)
  region size 1024K, 2 young (2048K), 2 survivors (2048K)
 Metaspace       used 121112K, capacity 125789K, committed 125952K, reserved 1159168K
  class space    used 15666K, capacity 17233K, committed 17344K, reserved 1048576K
}
Event: 478.870 GC heap before
{Heap before GC invocations=64 (full 0):
 garbage-first heap   total 229376K, used 198051K [0x0000000760000000, 0x00000007c0000000)
  region size 1024K, 34 young (34816K), 2 survivors (2048K)
 Metaspace       used 121098K, capacity 125769K, committed 125952K, reserved 1159168K
  class space    used 15659K, capacity 17225K, committed 17344K, reserved 1048576K
}
Event: 478.872 GC heap after
{Heap after GC invocations=65 (full 0):
 garbage-first heap   total 229376K, used 165414K [0x0000000760000000, 0x00000007c0000000)
  region size 1024K, 2 young (2048K), 2 survivors (2048K)
 Metaspace       used 121098K, capacity 125769K, committed 125952K, reserved 1159168K
  class space    used 15659K, capacity 17225K, committed 17344K, reserved 1048576K
}
Event: 479.274 GC heap before
{Heap before GC invocations=65 (full 0):
 garbage-first heap   total 229376K, used 173606K [0x0000000760000000, 0x00000007c0000000)
  region size 1024K, 11 young (11264K), 2 survivors (2048K)
 Metaspace       used 121098K, capacity 125769K, committed 125952K, reserved 1159168K
  class space    used 15659K, capacity 17225K, committed 17344K, reserved 1048576K
}
Event: 479.277 GC heap after
{Heap after GC invocations=66 (full 0):
 garbage-first heap   total 229376K, used 164711K [0x0000000760000000, 0x00000007c0000000)
  region size 1024K, 1 young (1024K), 1 survivors (1024K)
 Metaspace       used 121098K, capacity 125769K, committed 125952K, reserved 1159168K
  class space    used 15659K, capacity 17225K, committed 17344K, reserved 1048576K
}
Event: 480.783 GC heap before
{Heap before GC invocations=66 (full 0):
 garbage-first heap   total 229376K, used 196455K [0x0000000760000000, 0x00000007c0000000)
  region size 1024K, 33 young (33792K), 1 survivors (1024K)
 Metaspace       used 121104K, capacity 125770K, committed 125952K, reserved 1159168K
  class space    used 15659K, capacity 17225K, committed 17344K, reserved 1048576K
}
Event: 480.785 GC heap after
{Heap after GC invocations=67 (full 0):
 garbage-first heap   total 229376K, used 165077K [0x0000000760000000, 0x00000007c0000000)
  region size 1024K, 1 young (1024K), 1 survivors (1024K)
 Metaspace       used 121104K, capacity 125770K, committed 125952K, reserved 1159168K
  class space    used 15659K, capacity 17225K, committed 17344K, reserved 1048576K
}

